[13/08/2014 11:41:24] [UploadAction] File name : MKO3 128-440_SPM(1-2557).docx
[13/08/2014 11:41:24] [UploadAction] File type : application/vnd.openxmlformats-officedocument.wordprocessingml.document
[13/08/2014 11:41:24] [UploadAction] File size : 88597
[13/08/2014 11:41:24] [UploadAction] Temp file name : C:\Windows\Temp\phpA1C5.tmp
[13/08/2014 11:41:24] [UploadAction] File Path C:\AppServ\www\cssiam\qa_science/uploads/TQF/MKO3 128-440_SPM(1-2557)s798PXz4.docx
[13/08/2014 11:41:24] [UploadAction] Upload Success
[13/08/2014 11:41:24] [UploadAction] Return Code: 4
[13/08/2014 11:42:12] [UploadAction] File name : MKO3_128-338_ ECommerce(1-2557).docx
[13/08/2014 11:42:12] [UploadAction] File type : application/vnd.openxmlformats-officedocument.wordprocessingml.document
[13/08/2014 11:42:12] [UploadAction] File size : 87299
[13/08/2014 11:42:12] [UploadAction] Temp file name : C:\Windows\Temp\php59CC.tmp
[13/08/2014 11:42:12] [UploadAction] File Path C:\AppServ\www\cssiam\qa_science/uploads/TQF/MKO3_128-338_ ECommerce(1-2557)rxJf5Njg.docx
[13/08/2014 11:42:12] [UploadAction] Upload Success
[13/08/2014 11:42:12] [UploadAction] Return Code: 4
[13/08/2014 11:42:47] [UploadAction] File name : MKO3_128-221 โครงสร้างข้อมูลและอัลกอลิทึม 1-57.docx
[13/08/2014 11:42:47] [UploadAction] File type : application/vnd.openxmlformats-officedocument.wordprocessingml.document
[13/08/2014 11:42:47] [UploadAction] File size : 89228
[13/08/2014 11:42:47] [UploadAction] Temp file name : C:\Windows\Temp\phpE593.tmp
[13/08/2014 11:42:47] [UploadAction] File Path C:\AppServ\www\cssiam\qa_science/uploads/TQF/MKO3_128-221 โครงสร้างข้อมูลและอัลกอลิทึม 1-57zchoRHWj.docx
[13/08/2014 11:42:47] [UploadAction] Upload Success
[13/08/2014 11:42:47] [UploadAction] Return Code: 4
[13/08/2014 11:46:19] [UploadAction] File name : MOK3 121-101_25-july-57.docx
[13/08/2014 11:46:19] [UploadAction] File type : application/vnd.openxmlformats-officedocument.wordprocessingml.document
[13/08/2014 11:46:19] [UploadAction] File size : 188926
[13/08/2014 11:46:19] [UploadAction] Temp file name : C:\Windows\Temp\php21A6.tmp
[13/08/2014 11:46:19] [UploadAction] File Path C:\AppServ\www\cssiam\qa_science/uploads/TQF/MOK3 121-101_25-july-57ycHMpX2F.docx
[13/08/2014 11:46:19] [UploadAction] Upload Success
[13/08/2014 11:46:19] [UploadAction] Return Code: 4
[13/08/2014 11:46:42] [UploadAction] Return Code: 4
[13/08/2014 11:46:42] [UploadAction] File name : MKO5_128-440_SPM-3-2556.doc
[13/08/2014 11:46:42] [UploadAction] File type : application/msword
[13/08/2014 11:46:42] [UploadAction] File size : 108544
[13/08/2014 11:46:42] [UploadAction] Temp file name : C:\Windows\Temp\php7A96.tmp
[13/08/2014 11:46:42] [UploadAction] File Path C:\AppServ\www\cssiam\qa_science/uploads/TQF/MKO5_128-440_SPM-3-2556G0oDkzYP.doc
[13/08/2014 11:46:42] [UploadAction] Upload Success
[14/08/2014 15:05:58] [UploadAction] Return Code: 4
